<?xml version="1.0" encoding="UTF-8"?>
<!-- Generated by org.testng.reporters.JUnitReportReporter -->
<testsuite skipped="0" hostname="LAPTOP-6OEIG7PG" name="LoginTest.SeleniumDev" tests="1" failures="0" timestamp="13 Oct 2021 09:41:00 GMT" time="2.942" errors="0">
  <testcase name="titleTest" time="2.942" classname="LoginTest.SeleniumDev"/>
</testsuite> <!-- LoginTest.SeleniumDev -->
