<?xml version="1.0" encoding="UTF-8"?>
<!-- Generated by org.testng.reporters.JUnitReportReporter -->
<testsuite skipped="0" hostname="LAPTOP-6OEIG7PG" name="LoginTest.AppTest" tests="2" failures="0" timestamp="13 Oct 2021 06:03:45 GMT" time="0.026" errors="0">
  <testcase name="loginTest2" time="0.002" classname="LoginTest.AppTest"/>
  <testcase name="loginTest" time="0.024" classname="LoginTest.AppTest"/>
</testsuite> <!-- LoginTest.AppTest -->
