<?xml version="1.0" encoding="UTF-8"?>
<!-- Generated by org.testng.reporters.JUnitReportReporter -->
<testsuite hostname="LAPTOP-6OEIG7PG" failures="0" tests="2" name="LoginTest.AppTest" time="0.031" errors="0" timestamp="13 Oct 2021 09:41:35 GMT" skipped="0">
  <testcase classname="LoginTest.AppTest" name="loginTest2" time="0.000"/>
  <testcase classname="LoginTest.AppTest" name="loginTest" time="0.031"/>
</testsuite> <!-- LoginTest.AppTest -->
