<?xml version="1.0" encoding="UTF-8"?>
<!-- Generated by org.testng.reporters.JUnitReportReporter -->
<testsuite hostname="LAPTOP-6OEIG7PG" failures="0" tests="1" name="LoginTest.NumberComparison" time="0.000" errors="0" timestamp="13 Oct 2021 09:41:35 GMT" skipped="0">
  <testcase classname="LoginTest.NumberComparison" name="numberComp" time="0.000"/>
</testsuite> <!-- LoginTest.NumberComparison -->
