<?xml version="1.0" encoding="UTF-8"?>
<!-- Generated by org.testng.reporters.JUnitReportReporter -->
<testsuite hostname="LAPTOP-6OEIG7PG" failures="0" tests="1" name="LoginTest.SeleniumDev" time="10.325" errors="0" timestamp="13 Oct 2021 09:41:35 GMT" skipped="0">
  <testcase classname="LoginTest.SeleniumDev" name="titleTest" time="10.325"/>
</testsuite> <!-- LoginTest.SeleniumDev -->
